<?xml version="1.0" encoding="UTF-8"?>
<TestRun id="cedc259b-e0a1-4f89-9c83-f1bd241c4437" name="masabathula1@MASABATHULA1PC 2012-10-15 06:58:06" runUser="MASABATHULA1PC\masabathula1" xmlns="http://microsoft.com/schemas/VisualStudio/TeamTest/2010">
  <TestSettings name="Default Test Settings" id="deb441a5-1340-4245-a690-e6a7f248a81d">
    <Deployment runDeploymentRoot="masabathula1_MASABATHULA1PC 2012-10-15 06_58_06">
      <DeploymentItem filename="C:\Pandu\GitHub\pubnub-api\csharp\3.3\PubNub-Messaging\bin\Debug\PubNub-Messaging.exe" />
    </Deployment>
    <Execution>
      <TestTypeSpecific />
      <AgentRule name="Execution Agents">
      </AgentRule>
    </Execution>
  </TestSettings>
  <Times creation="2012-10-15T06:58:06.3002905+05:30" queuing="2012-10-15T06:58:07.6886929+05:30" start="2012-10-15T06:58:07.8446932+05:30" finish="2012-10-15T06:58:11.9007003+05:30" />
  <ResultSummary outcome="Completed">
    <Counters total="1" executed="1" passed="1" error="0" failed="0" timeout="0" aborted="0" inconclusive="0" passedButRunAborted="0" notRunnable="0" notExecuted="0" disconnected="0" warning="0" completed="0" inProgress="0" pending="0" />
  </ResultSummary>
  <TestDefinitions>
    <UnitTest name="ThenItShouldReturnReceivedMessage" storage="c:\pandu\github\pubnub-api\csharp\3.3\pubnub-messaging.tests\bin\debug\pubnub-messaging.tests.dll" id="aa5ae936-4b91-7628-df52-dad043c5d2d0">
      <Execution id="338231e6-ac70-4c18-ac05-76698067a5ff" />
      <TestMethod codeBase="C:/Pandu/GitHub/pubnub-api/csharp/3.3/PubNub-Messaging.Tests/bin/Debug/PubNub-Messaging.Tests.DLL" adapterTypeName="Microsoft.VisualStudio.TestTools.TestTypes.Unit.UnitTestAdapter, Microsoft.VisualStudio.QualityTools.Tips.UnitTest.Adapter, Version=10.0.0.0, Culture=neutral, PublicKeyToken=b03f5f7f11d50a3a" className="PubNub_Messaging.Tests.WhenSubscribedToAChannel, PubNub-Messaging.Tests, Version=1.0.0.0, Culture=neutral, PublicKeyToken=null" name="ThenItShouldReturnReceivedMessage" />
    </UnitTest>
  </TestDefinitions>
  <TestLists>
    <TestList name="Results Not in a List" id="8c84fa94-04c1-424b-9868-57a2d4851a1d" />
    <TestList name="All Loaded Results" id="19431567-8539-422a-85d7-44ee4e166bda" />
  </TestLists>
  <TestEntries>
    <TestEntry testId="aa5ae936-4b91-7628-df52-dad043c5d2d0" executionId="338231e6-ac70-4c18-ac05-76698067a5ff" testListId="8c84fa94-04c1-424b-9868-57a2d4851a1d" />
  </TestEntries>
  <Results>
    <UnitTestResult executionId="338231e6-ac70-4c18-ac05-76698067a5ff" testId="aa5ae936-4b91-7628-df52-dad043c5d2d0" testName="ThenItShouldReturnReceivedMessage" computerName="MASABATHULA1PC" duration="00:00:02.1224345" startTime="2012-10-15T06:58:08.0318935+05:30" endTime="2012-10-15T06:58:11.8227002+05:30" testType="13cdc9d9-ddb5-4fa4-a97d-d965ccfc6d4b" outcome="Passed" testListId="8c84fa94-04c1-424b-9868-57a2d4851a1d" relativeResultsDirectory="338231e6-ac70-4c18-ac05-76698067a5ff">
      <Output>
        <DebugTrace>DateTime 10/15/2012 6:58:10 AM, requested subscribe for channel=my_channel
DateTime 10/15/2012 6:58:10 AM, Request=http://pubsub.pubnub.com/subscribe/demo/my_channel/0/0?uuid=b998a986-ba0b-4f4a-b867-16c4e4c89fe6
DateTime 10/15/2012 6:58:11 AM, JSON=[[],"13502638873595396"]
DateTime 10/15/2012 6:58:11 AM, Request=http://pubsub.pubnub.com/subscribe/demo/my_channel/0/13502638873595396?uuid=b998a986-ba0b-4f4a-b867-16c4e4c89fe6
</DebugTrace>
      </Output>
    </UnitTestResult>
  </Results>
</TestRun>