<?xml version="1.0" encoding="UTF-8"?>
<TestRun id="7d5a19dc-f30a-4075-9ea9-43009267abf6" name="masabathula1@MASABATHULA1PC 2012-10-15 07:18:05" runUser="MASABATHULA1PC\masabathula1" xmlns="http://microsoft.com/schemas/VisualStudio/TeamTest/2010">
  <TestSettings name="Default Test Settings" id="9e308cda-33ec-422f-b180-422c4e283397">
    <Deployment runDeploymentRoot="masabathula1_MASABATHULA1PC 2012-10-15 07_18_05">
      <DeploymentItem filename="C:\Pandu\GitHub\pubnub-api\csharp\3.3\PubNub-Messaging\bin\Debug\PubNub-Messaging.exe" />
    </Deployment>
    <Execution>
      <TestTypeSpecific />
      <AgentRule name="Execution Agents">
      </AgentRule>
    </Execution>
  </TestSettings>
  <Times creation="2012-10-15T07:18:05.9473005+05:30" queuing="2012-10-15T07:18:07.2889029+05:30" start="2012-10-15T07:18:07.4449032+05:30" finish="2012-10-15T07:18:28.3177398+05:30" />
  <ResultSummary outcome="Completed">
    <Counters total="1" executed="1" passed="1" error="0" failed="0" timeout="0" aborted="0" inconclusive="0" passedButRunAborted="0" notRunnable="0" notExecuted="0" disconnected="0" warning="0" completed="0" inProgress="0" pending="0" />
  </ResultSummary>
  <TestDefinitions>
    <UnitTest name="ThenItShouldReturnSuccessCodeAndInfo" storage="c:\pandu\github\pubnub-api\csharp\3.3\pubnub-messaging.tests\bin\debug\pubnub-messaging.tests.dll" id="c8d24aa2-b361-8cda-b55b-ec04dbcd06b0">
      <Execution id="dd37c29e-1785-4e4f-a715-d14b314a2ccc" />
      <TestMethod codeBase="C:/Pandu/GitHub/pubnub-api/csharp/3.3/PubNub-Messaging.Tests/bin/Debug/PubNub-Messaging.Tests.DLL" adapterTypeName="Microsoft.VisualStudio.TestTools.TestTypes.Unit.UnitTestAdapter, Microsoft.VisualStudio.QualityTools.Tips.UnitTest.Adapter, Version=10.0.0.0, Culture=neutral, PublicKeyToken=b03f5f7f11d50a3a" className="PubNub_Messaging.Tests.WhenAMessageIsPublished, PubNub-Messaging.Tests, Version=1.0.0.0, Culture=neutral, PublicKeyToken=null" name="ThenItShouldReturnSuccessCodeAndInfo" />
    </UnitTest>
  </TestDefinitions>
  <TestLists>
    <TestList name="Results Not in a List" id="8c84fa94-04c1-424b-9868-57a2d4851a1d" />
    <TestList name="All Loaded Results" id="19431567-8539-422a-85d7-44ee4e166bda" />
  </TestLists>
  <TestEntries>
    <TestEntry testId="c8d24aa2-b361-8cda-b55b-ec04dbcd06b0" executionId="dd37c29e-1785-4e4f-a715-d14b314a2ccc" testListId="8c84fa94-04c1-424b-9868-57a2d4851a1d" />
  </TestEntries>
  <Results>
    <UnitTestResult executionId="dd37c29e-1785-4e4f-a715-d14b314a2ccc" testId="c8d24aa2-b361-8cda-b55b-ec04dbcd06b0" testName="ThenItShouldReturnSuccessCodeAndInfo" computerName="MASABATHULA1PC" duration="00:00:18.8006487" startTime="2012-10-15T07:18:07.6321035+05:30" endTime="2012-10-15T07:18:28.0993395+05:30" testType="13cdc9d9-ddb5-4fa4-a97d-d965ccfc6d4b" outcome="Passed" testListId="8c84fa94-04c1-424b-9868-57a2d4851a1d" relativeResultsDirectory="dd37c29e-1785-4e4f-a715-d14b314a2ccc">
      <Output>
        <DebugTrace>DateTime 10/15/2012 7:18:09 AM, Request=http://pubsub.pubnub.com/publish/demo/demo/0/my_channel/0/%22Pubnub%20API%20Usage%20Example%22
DateTime 10/15/2012 7:18:10 AM, JSON=[1,"Sent","13502656912002107"]
</DebugTrace>
      </Output>
    </UnitTestResult>
  </Results>
</TestRun>