<?xml version="1.0" encoding="UTF-8"?>
<TestRun id="113d3f82-34d6-460c-a66a-fa9fc84e5c4f" name="masabathula1@MASABATHULA1PC 2012-10-15 07:26:15" runUser="MASABATHULA1PC\masabathula1" xmlns="http://microsoft.com/schemas/VisualStudio/TeamTest/2010">
  <TestSettings name="Default Test Settings" id="8845975f-853c-4eac-bbc0-49396d6ca590">
    <Deployment runDeploymentRoot="masabathula1_MASABATHULA1PC 2012-10-15 07_26_15">
      <DeploymentItem filename="C:\Pandu\GitHub\pubnub-api\csharp\3.3\PubNub-Messaging\bin\Debug\PubNub-Messaging.exe" />
    </Deployment>
    <Execution>
      <TestTypeSpecific />
      <AgentRule name="Execution Agents">
      </AgentRule>
    </Execution>
  </TestSettings>
  <Times creation="2012-10-15T07:26:15.2055140+05:30" queuing="2012-10-15T07:26:15.6735149+05:30" start="2012-10-15T07:26:15.7047149+05:30" finish="2012-10-15T07:26:16.9371171+05:30" />
  <ResultSummary outcome="Completed">
    <Counters total="1" executed="1" passed="1" error="0" failed="0" timeout="0" aborted="0" inconclusive="0" passedButRunAborted="0" notRunnable="0" notExecuted="0" disconnected="0" warning="0" completed="0" inProgress="0" pending="0" />
  </ResultSummary>
  <TestDefinitions>
    <UnitTest name="ThenPublishKeyShouldBeOverriden" storage="c:\pandu\github\pubnub-api\csharp\3.3\pubnub-messaging.tests\bin\debug\pubnub-messaging.tests.dll" id="9b37bd21-6d08-f4c1-82ba-70abc43d2f80">
      <Execution id="58e53572-58d1-4f84-8572-b5640c7c66f4" />
      <TestMethod codeBase="C:/Pandu/GitHub/pubnub-api/csharp/3.3/PubNub-Messaging.Tests/bin/Debug/PubNub-Messaging.Tests.DLL" adapterTypeName="Microsoft.VisualStudio.TestTools.TestTypes.Unit.UnitTestAdapter, Microsoft.VisualStudio.QualityTools.Tips.UnitTest.Adapter, Version=10.0.0.0, Culture=neutral, PublicKeyToken=b03f5f7f11d50a3a" className="PubNub_Messaging.Tests.WhenAMessageIsPublished, PubNub-Messaging.Tests, Version=1.0.0.0, Culture=neutral, PublicKeyToken=null" name="ThenPublishKeyShouldBeOverriden" />
    </UnitTest>
  </TestDefinitions>
  <TestLists>
    <TestList name="Results Not in a List" id="8c84fa94-04c1-424b-9868-57a2d4851a1d" />
    <TestList name="All Loaded Results" id="19431567-8539-422a-85d7-44ee4e166bda" />
  </TestLists>
  <TestEntries>
    <TestEntry testId="9b37bd21-6d08-f4c1-82ba-70abc43d2f80" executionId="58e53572-58d1-4f84-8572-b5640c7c66f4" testListId="8c84fa94-04c1-424b-9868-57a2d4851a1d" />
  </TestEntries>
  <Results>
    <UnitTestResult executionId="58e53572-58d1-4f84-8572-b5640c7c66f4" testId="9b37bd21-6d08-f4c1-82ba-70abc43d2f80" testName="ThenPublishKeyShouldBeOverriden" computerName="MASABATHULA1PC" duration="00:00:00.8376126" startTime="2012-10-15T07:26:15.7203149+05:30" endTime="2012-10-15T07:26:16.8903170+05:30" testType="13cdc9d9-ddb5-4fa4-a97d-d965ccfc6d4b" outcome="Passed" testListId="8c84fa94-04c1-424b-9868-57a2d4851a1d" relativeResultsDirectory="58e53572-58d1-4f84-8572-b5640c7c66f4">
      <Output>
        <DebugTrace>DateTime 10/15/2012 7:26:16 AM, Request=http://pubsub.pubnub.com/publish/demo/demo/0/my%2Fchannel/0/%22Pubnub%20API%20Usage%20Example%22
DateTime 10/15/2012 7:26:16 AM, JSON=[1,"Sent","13502661775704028"]
</DebugTrace>
      </Output>
    </UnitTestResult>
  </Results>
</TestRun>