<?xml version="1.0" encoding="UTF-8"?>
<TestRun id="e1dd1263-a764-4f50-a70e-d38f647286a1" name="masabathula1@MASABATHULA1PC 2012-10-15 07:39:20" runUser="MASABATHULA1PC\masabathula1" xmlns="http://microsoft.com/schemas/VisualStudio/TeamTest/2010">
  <TestSettings name="Default Test Settings" id="e5438058-c5bc-40d3-90a8-ddc3d8516d43">
    <Deployment runDeploymentRoot="masabathula1_MASABATHULA1PC 2012-10-15 07_39_20">
      <DeploymentItem filename="C:\Pandu\GitHub\pubnub-api\csharp\3.3\PubNub-Messaging\bin\Debug\PubNub-Messaging.exe" />
    </Deployment>
    <Execution>
      <TestTypeSpecific />
      <AgentRule name="Execution Agents">
      </AgentRule>
    </Execution>
  </TestSettings>
  <Times creation="2012-10-15T07:39:20.4858290+05:30" queuing="2012-10-15T07:39:20.8914297+05:30" start="2012-10-15T07:39:20.9070297+05:30" finish="2012-10-15T07:39:22.3266322+05:30" />
  <ResultSummary outcome="Completed">
    <Counters total="1" executed="1" passed="1" error="0" failed="0" timeout="0" aborted="0" inconclusive="0" passedButRunAborted="0" notRunnable="0" notExecuted="0" disconnected="0" warning="0" completed="0" inProgress="0" pending="0" />
  </ResultSummary>
  <TestDefinitions>
    <UnitTest name="IfSSLNotProvidedThenDefaultShouldBeFalse" storage="c:\pandu\github\pubnub-api\csharp\3.3\pubnub-messaging.tests\bin\debug\pubnub-messaging.tests.dll" id="a44284f2-17ef-78bd-fdc6-88e675b08b01">
      <Execution id="733367b0-9cf6-4b4d-99f2-e40525487111" />
      <TestMethod codeBase="C:/Pandu/GitHub/pubnub-api/csharp/3.3/PubNub-Messaging.Tests/bin/Debug/PubNub-Messaging.Tests.DLL" adapterTypeName="Microsoft.VisualStudio.TestTools.TestTypes.Unit.UnitTestAdapter, Microsoft.VisualStudio.QualityTools.Tips.UnitTest.Adapter, Version=10.0.0.0, Culture=neutral, PublicKeyToken=b03f5f7f11d50a3a" className="PubNub_Messaging.Tests.WhenAMessageIsPublished, PubNub-Messaging.Tests, Version=1.0.0.0, Culture=neutral, PublicKeyToken=null" name="IfSSLNotProvidedThenDefaultShouldBeFalse" />
    </UnitTest>
  </TestDefinitions>
  <TestLists>
    <TestList name="Results Not in a List" id="8c84fa94-04c1-424b-9868-57a2d4851a1d" />
    <TestList name="All Loaded Results" id="19431567-8539-422a-85d7-44ee4e166bda" />
  </TestLists>
  <TestEntries>
    <TestEntry testId="a44284f2-17ef-78bd-fdc6-88e675b08b01" executionId="733367b0-9cf6-4b4d-99f2-e40525487111" testListId="8c84fa94-04c1-424b-9868-57a2d4851a1d" />
  </TestEntries>
  <Results>
    <UnitTestResult executionId="733367b0-9cf6-4b4d-99f2-e40525487111" testId="a44284f2-17ef-78bd-fdc6-88e675b08b01" testName="IfSSLNotProvidedThenDefaultShouldBeFalse" computerName="MASABATHULA1PC" duration="00:00:00.9787609" startTime="2012-10-15T07:39:20.9226298+05:30" endTime="2012-10-15T07:39:22.2954322+05:30" testType="13cdc9d9-ddb5-4fa4-a97d-d965ccfc6d4b" outcome="Passed" testListId="8c84fa94-04c1-424b-9868-57a2d4851a1d" relativeResultsDirectory="733367b0-9cf6-4b4d-99f2-e40525487111">
      <Output>
        <DebugTrace>DateTime 10/15/2012 7:39:21 AM, Request=http://pubsub.pubnub.com/publish/demo/demo/0/my%2Fchannel/0/%22Pubnub%20API%20Usage%20Example%22
DateTime 10/15/2012 7:39:22 AM, JSON=[1,"Sent","13502669629571921"]
</DebugTrace>
      </Output>
    </UnitTestResult>
  </Results>
</TestRun>