<?xml version="1.0" encoding="UTF-8"?>
<TestRun id="625629cb-9a65-4105-bb63-808a6a9efde1" name="masabathula1@MASABATHULA1PC 2012-10-15 07:37:52" runUser="MASABATHULA1PC\masabathula1" xmlns="http://microsoft.com/schemas/VisualStudio/TeamTest/2010">
  <TestSettings name="Default Test Settings" id="053a07d3-bf5c-4f99-a926-c5c365e32966">
    <Deployment runDeploymentRoot="masabathula1_MASABATHULA1PC 2012-10-15 07_37_52">
      <DeploymentItem filename="C:\Pandu\GitHub\pubnub-api\csharp\3.3\PubNub-Messaging\bin\Debug\PubNub-Messaging.exe" />
    </Deployment>
    <Execution>
      <TestTypeSpecific />
      <AgentRule name="Execution Agents">
      </AgentRule>
    </Execution>
  </TestSettings>
  <Times creation="2012-10-15T07:37:52.4555940+05:30" queuing="2012-10-15T07:37:53.8595965+05:30" start="2012-10-15T07:37:54.0155967+05:30" finish="2012-10-15T07:38:02.3460114+05:30" />
  <ResultSummary outcome="Completed">
    <Counters total="1" executed="1" passed="1" error="0" failed="0" timeout="0" aborted="0" inconclusive="0" passedButRunAborted="0" notRunnable="0" notExecuted="0" disconnected="0" warning="0" completed="0" inProgress="0" pending="0" />
  </ResultSummary>
  <TestDefinitions>
    <UnitTest name="ThenSecretKeyShouldBeProvidedOptionally" storage="c:\pandu\github\pubnub-api\csharp\3.3\pubnub-messaging.tests\bin\debug\pubnub-messaging.tests.dll" id="f5c7c269-651b-f04d-a925-f9349b8cba4e">
      <Execution id="109efed4-cf23-4fef-b08b-eb845643a172" />
      <TestMethod codeBase="C:/Pandu/GitHub/pubnub-api/csharp/3.3/PubNub-Messaging.Tests/bin/Debug/PubNub-Messaging.Tests.DLL" adapterTypeName="Microsoft.VisualStudio.TestTools.TestTypes.Unit.UnitTestAdapter, Microsoft.VisualStudio.QualityTools.Tips.UnitTest.Adapter, Version=10.0.0.0, Culture=neutral, PublicKeyToken=b03f5f7f11d50a3a" className="PubNub_Messaging.Tests.WhenAMessageIsPublished, PubNub-Messaging.Tests, Version=1.0.0.0, Culture=neutral, PublicKeyToken=null" name="ThenSecretKeyShouldBeProvidedOptionally" />
    </UnitTest>
  </TestDefinitions>
  <TestLists>
    <TestList name="Results Not in a List" id="8c84fa94-04c1-424b-9868-57a2d4851a1d" />
    <TestList name="All Loaded Results" id="19431567-8539-422a-85d7-44ee4e166bda" />
  </TestLists>
  <TestEntries>
    <TestEntry testId="f5c7c269-651b-f04d-a925-f9349b8cba4e" executionId="109efed4-cf23-4fef-b08b-eb845643a172" testListId="8c84fa94-04c1-424b-9868-57a2d4851a1d" />
  </TestEntries>
  <Results>
    <UnitTestResult executionId="109efed4-cf23-4fef-b08b-eb845643a172" testId="f5c7c269-651b-f04d-a925-f9349b8cba4e" testName="ThenSecretKeyShouldBeProvidedOptionally" computerName="MASABATHULA1PC" duration="00:00:06.3932430" startTime="2012-10-15T07:37:54.2027971+05:30" endTime="2012-10-15T07:38:02.2680112+05:30" testType="13cdc9d9-ddb5-4fa4-a97d-d965ccfc6d4b" outcome="Passed" testListId="8c84fa94-04c1-424b-9868-57a2d4851a1d" relativeResultsDirectory="109efed4-cf23-4fef-b08b-eb845643a172">
      <Output>
        <DebugTrace>DateTime 10/15/2012 7:37:56 AM, Request=http://pubsub.pubnub.com/publish/demo/demo/0/my%2Fchannel/0/%22Pubnub%20API%20Usage%20Example%22
DateTime 10/15/2012 7:37:57 AM, JSON=[1,"Sent","13502668778623863"]
DateTime 10/15/2012 7:38:00 AM, Request=http://pubsub.pubnub.com/publish/demo/demo/d759c756abbd45a9864adc7f2b91393e/my%2Fchannel/0/%22Pubnub%20API%20Usage%20Example%22
DateTime 10/15/2012 7:38:00 AM, JSON=[1,"Sent","13502668810615938"]
</DebugTrace>
      </Output>
    </UnitTestResult>
  </Results>
</TestRun>