<?xml version="1.0" encoding="UTF-8"?>
<TestRun id="b987827c-853c-4d74-9ead-ee48100356ee" name="masabathula1@MASABATHULA1PC 2012-10-15 07:31:03" runUser="MASABATHULA1PC\masabathula1" xmlns="http://microsoft.com/schemas/VisualStudio/TeamTest/2010">
  <TestSettings name="Default Test Settings" id="ceaac5e7-d9ec-4ec3-b617-5eba78dfc0e6">
    <Deployment runDeploymentRoot="masabathula1_MASABATHULA1PC 2012-10-15 07_31_03">
      <DeploymentItem filename="C:\Pandu\GitHub\pubnub-api\csharp\3.3\PubNub-Messaging\bin\Debug\PubNub-Messaging.exe" />
    </Deployment>
    <Execution>
      <TestTypeSpecific />
      <AgentRule name="Execution Agents">
      </AgentRule>
    </Execution>
  </TestSettings>
  <Times creation="2012-10-15T07:31:03.7189388+05:30" queuing="2012-10-15T07:31:05.1853413+05:30" start="2012-10-15T07:31:05.3413416+05:30" finish="2012-10-15T07:32:56.5728003+05:30" />
  <ResultSummary outcome="Error">
    <Counters total="1" executed="1" error="0" failed="0" timeout="0" aborted="1" inconclusive="0" passedButRunAborted="0" notRunnable="0" notExecuted="0" disconnected="0" warning="0" passed="0" completed="0" inProgress="0" pending="0" />
    <RunInfos>
      <RunInfo computerName="MASABATHULA1PC" outcome="Error" timestamp="2012-10-15T07:32:56.5718002+05:30">
        <Text>Test host process exited unexpectedly.</Text>
      </RunInfo>
    </RunInfos>
  </ResultSummary>
  <TestDefinitions>
    <UnitTest name="ThenSecretKeyShouldBeProvidedOptionally" storage="c:\pandu\github\pubnub-api\csharp\3.3\pubnub-messaging.tests\bin\debug\pubnub-messaging.tests.dll" id="f5c7c269-651b-f04d-a925-f9349b8cba4e">
      <Execution id="2ad5c74e-b312-4ca4-9608-d74db7e6ac86" />
      <TestMethod codeBase="C:/Pandu/GitHub/pubnub-api/csharp/3.3/PubNub-Messaging.Tests/bin/Debug/PubNub-Messaging.Tests.DLL" adapterTypeName="Microsoft.VisualStudio.TestTools.TestTypes.Unit.UnitTestAdapter, Microsoft.VisualStudio.QualityTools.Tips.UnitTest.Adapter, Version=10.0.0.0, Culture=neutral, PublicKeyToken=b03f5f7f11d50a3a" className="PubNub_Messaging.Tests.WhenAMessageIsPublished, PubNub-Messaging.Tests, Version=1.0.0.0, Culture=neutral, PublicKeyToken=null" name="ThenSecretKeyShouldBeProvidedOptionally" />
    </UnitTest>
  </TestDefinitions>
  <TestLists>
    <TestList name="Results Not in a List" id="8c84fa94-04c1-424b-9868-57a2d4851a1d" />
    <TestList name="All Loaded Results" id="19431567-8539-422a-85d7-44ee4e166bda" />
  </TestLists>
  <TestEntries>
    <TestEntry testId="f5c7c269-651b-f04d-a925-f9349b8cba4e" executionId="2ad5c74e-b312-4ca4-9608-d74db7e6ac86" testListId="8c84fa94-04c1-424b-9868-57a2d4851a1d" />
  </TestEntries>
  <Results>
    <UnitTestResult executionId="2ad5c74e-b312-4ca4-9608-d74db7e6ac86" testId="f5c7c269-651b-f04d-a925-f9349b8cba4e" testName="ThenSecretKeyShouldBeProvidedOptionally" computerName="MASABATHULA1PC" duration="00:01:51.0286583" startTime="2012-10-15T07:31:05.5441420+05:30" endTime="2012-10-15T07:32:56.5728003+05:30" testType="13cdc9d9-ddb5-4fa4-a97d-d965ccfc6d4b" outcome="Aborted" testListId="8c84fa94-04c1-424b-9868-57a2d4851a1d" relativeResultsDirectory="2ad5c74e-b312-4ca4-9608-d74db7e6ac86">
    </UnitTestResult>
  </Results>
</TestRun>