<?xml version="1.0" encoding="UTF-8"?>
<TestRun id="9a1c0c54-4511-4901-b428-812dc295efd7" name="masabathula1@MASABATHULA1PC 2012-10-15 07:03:14" runUser="MASABATHULA1PC\masabathula1" xmlns="http://microsoft.com/schemas/VisualStudio/TeamTest/2010">
  <TestSettings name="Default Test Settings" id="62f9dfa6-95b5-49b8-91b6-6437fcb33e22">
    <Deployment runDeploymentRoot="masabathula1_MASABATHULA1PC 2012-10-15 07_03_14">
      <DeploymentItem filename="C:\Pandu\GitHub\pubnub-api\csharp\3.3\PubNub-Messaging\bin\Debug\PubNub-Messaging.exe" />
    </Deployment>
    <Execution>
      <TestTypeSpecific />
      <AgentRule name="Execution Agents">
      </AgentRule>
    </Execution>
  </TestSettings>
  <Times creation="2012-10-15T07:03:14.5658337+05:30" queuing="2012-10-15T07:03:16.0014588+05:30" start="2012-10-15T07:03:16.0638589+05:30" finish="2012-10-15T07:03:41.8393632+05:30" />
  <ResultSummary outcome="Error">
    <Counters total="1" executed="1" error="0" failed="0" timeout="0" aborted="1" inconclusive="0" passedButRunAborted="0" notRunnable="0" notExecuted="0" disconnected="0" warning="0" passed="0" completed="0" inProgress="0" pending="0" />
    <RunInfos>
      <RunInfo computerName="MASABATHULA1PC" outcome="Error" timestamp="2012-10-15T07:03:41.8383631+05:30">
        <Text>Test host process exited unexpectedly.</Text>
      </RunInfo>
    </RunInfos>
  </ResultSummary>
  <TestDefinitions>
    <UnitTest name="ThenItShouldReturnReceivedMessage" storage="c:\pandu\github\pubnub-api\csharp\3.3\pubnub-messaging.tests\bin\debug\pubnub-messaging.tests.dll" id="aa5ae936-4b91-7628-df52-dad043c5d2d0">
      <Execution id="b3ede77e-61ed-441f-89f8-0af7b270f1f0" />
      <TestMethod codeBase="C:/Pandu/GitHub/pubnub-api/csharp/3.3/PubNub-Messaging.Tests/bin/Debug/PubNub-Messaging.Tests.DLL" adapterTypeName="Microsoft.VisualStudio.TestTools.TestTypes.Unit.UnitTestAdapter, Microsoft.VisualStudio.QualityTools.Tips.UnitTest.Adapter, Version=10.0.0.0, Culture=neutral, PublicKeyToken=b03f5f7f11d50a3a" className="PubNub_Messaging.Tests.WhenSubscribedToAChannel, PubNub-Messaging.Tests, Version=1.0.0.0, Culture=neutral, PublicKeyToken=null" name="ThenItShouldReturnReceivedMessage" />
    </UnitTest>
  </TestDefinitions>
  <TestLists>
    <TestList name="Results Not in a List" id="8c84fa94-04c1-424b-9868-57a2d4851a1d" />
    <TestList name="All Loaded Results" id="19431567-8539-422a-85d7-44ee4e166bda" />
  </TestLists>
  <TestEntries>
    <TestEntry testId="aa5ae936-4b91-7628-df52-dad043c5d2d0" executionId="b3ede77e-61ed-441f-89f8-0af7b270f1f0" testListId="8c84fa94-04c1-424b-9868-57a2d4851a1d" />
  </TestEntries>
  <Results>
    <UnitTestResult executionId="b3ede77e-61ed-441f-89f8-0af7b270f1f0" testId="aa5ae936-4b91-7628-df52-dad043c5d2d0" testName="ThenItShouldReturnReceivedMessage" computerName="MASABATHULA1PC" duration="00:00:25.7287042" startTime="2012-10-15T07:03:16.1106590+05:30" endTime="2012-10-15T07:03:41.8393632+05:30" testType="13cdc9d9-ddb5-4fa4-a97d-d965ccfc6d4b" outcome="Aborted" testListId="8c84fa94-04c1-424b-9868-57a2d4851a1d" relativeResultsDirectory="b3ede77e-61ed-441f-89f8-0af7b270f1f0">
    </UnitTestResult>
  </Results>
</TestRun>