<?xml version="1.0" encoding="UTF-8"?>
<TestRun id="ecf4a691-4b58-4a72-9970-c5474be8efa8" name="masabathula1@MASABATHULA1PC 2012-10-15 06:57:36" runUser="MASABATHULA1PC\masabathula1" xmlns="http://microsoft.com/schemas/VisualStudio/TeamTest/2010">
  <TestSettings name="Default Test Settings" id="fe74130f-ae6b-4d1d-b5d3-3a30d6b76fd5">
    <Deployment runDeploymentRoot="masabathula1_MASABATHULA1PC 2012-10-15 06_57_36">
      <DeploymentItem filename="C:\Pandu\GitHub\pubnub-api\csharp\3.3\PubNub-Messaging\bin\Debug\PubNub-Messaging.exe" />
    </Deployment>
    <Execution>
      <TestTypeSpecific />
      <AgentRule name="Execution Agents">
      </AgentRule>
    </Execution>
  </TestSettings>
  <Times creation="2012-10-15T06:57:36.4886381+05:30" queuing="2012-10-15T06:57:37.1126392+05:30" start="2012-10-15T06:57:37.1438393+05:30" finish="2012-10-15T06:57:39.3590432+05:30" />
  <ResultSummary outcome="Completed">
    <Counters total="1" executed="1" passed="1" error="0" failed="0" timeout="0" aborted="0" inconclusive="0" passedButRunAborted="0" notRunnable="0" notExecuted="0" disconnected="0" warning="0" completed="0" inProgress="0" pending="0" />
  </ResultSummary>
  <TestDefinitions>
    <UnitTest name="ThenItShouldReturnReceivedMessage" storage="c:\pandu\github\pubnub-api\csharp\3.3\pubnub-messaging.tests\bin\debug\pubnub-messaging.tests.dll" id="aa5ae936-4b91-7628-df52-dad043c5d2d0">
      <Execution id="48487c61-4c5a-4166-9203-f0e07588253b" />
      <TestMethod codeBase="C:/Pandu/GitHub/pubnub-api/csharp/3.3/PubNub-Messaging.Tests/bin/Debug/PubNub-Messaging.Tests.DLL" adapterTypeName="Microsoft.VisualStudio.TestTools.TestTypes.Unit.UnitTestAdapter, Microsoft.VisualStudio.QualityTools.Tips.UnitTest.Adapter, Version=10.0.0.0, Culture=neutral, PublicKeyToken=b03f5f7f11d50a3a" className="PubNub_Messaging.Tests.WhenSubscribedToAChannel, PubNub-Messaging.Tests, Version=1.0.0.0, Culture=neutral, PublicKeyToken=null" name="ThenItShouldReturnReceivedMessage" />
    </UnitTest>
  </TestDefinitions>
  <TestLists>
    <TestList name="Results Not in a List" id="8c84fa94-04c1-424b-9868-57a2d4851a1d" />
    <TestList name="All Loaded Results" id="19431567-8539-422a-85d7-44ee4e166bda" />
  </TestLists>
  <TestEntries>
    <TestEntry testId="aa5ae936-4b91-7628-df52-dad043c5d2d0" executionId="48487c61-4c5a-4166-9203-f0e07588253b" testListId="8c84fa94-04c1-424b-9868-57a2d4851a1d" />
  </TestEntries>
  <Results>
    <UnitTestResult executionId="48487c61-4c5a-4166-9203-f0e07588253b" testId="aa5ae936-4b91-7628-df52-dad043c5d2d0" testName="ThenItShouldReturnReceivedMessage" computerName="MASABATHULA1PC" duration="00:00:01.7753940" startTime="2012-10-15T06:57:37.1438393+05:30" endTime="2012-10-15T06:57:39.3122431+05:30" testType="13cdc9d9-ddb5-4fa4-a97d-d965ccfc6d4b" outcome="Passed" testListId="8c84fa94-04c1-424b-9868-57a2d4851a1d" relativeResultsDirectory="48487c61-4c5a-4166-9203-f0e07588253b">
      <Output>
        <DebugTrace>DateTime 10/15/2012 6:57:37 AM, requested subscribe for channel=my_channel
DateTime 10/15/2012 6:57:37 AM, Request=http://pubsub.pubnub.com/subscribe/demo/my_channel/0/0?uuid=cedd5c97-b2d4-4708-9d41-428e6a2c75e7
DateTime 10/15/2012 6:57:38 AM, JSON=[[],"13502638873595396"]
DateTime 10/15/2012 6:57:38 AM, Request=http://pubsub.pubnub.com/subscribe/demo/my_channel/0/13502638873595396?uuid=cedd5c97-b2d4-4708-9d41-428e6a2c75e7
</DebugTrace>
      </Output>
    </UnitTestResult>
  </Results>
</TestRun>